[INFO] 2013-10-29 22:02:57  com.ru.javaExam.io.FileExam.file1(FileExam.java:42)  文件名：123.txt
[INFO] 2013-10-29 22:24:53  com.ru.javaExam.io.FileExam.file1(FileExam.java:42)  文件名：123.txt
[INFO] 2013-10-29 22:27:49  com.ru.javaExam.io.FileExam.file1(FileExam.java:42)  文件名：123.txt
[INFO] 2013-10-29 22:30:51  com.ru.javaExam.io.FileExam.file1(FileExam.java:42)  文件名：123.txt
[INFO] 2013-10-29 22:31:55  com.ru.javaExam.io.FileExam.file1(FileExam.java:42)  文件名：123.txt
[INFO] 2013-10-29 22:33:37  com.ru.javaExam.io.FileExam.file1(FileExam.java:42)  文件名：123.txt
[INFO] 2013-10-29 22:34:12  com.ru.javaExam.io.FileExam.file1(FileExam.java:42)  文件名：123.txt
[INFO] 2013-10-29 22:46:58  com.ru.javaExam.io.FileExam.file1(FileExam.java:42)  文件名：123.txt
[INFO] 2013-10-29 22:49:37  com.ru.javaExam.io.FileExam.file1(FileExam.java:42)  文件名：123.txt
[INFO] 2013-10-29 22:57:50  com.ru.javaExam.io.FileExam.file1(FileExam.java:43)  文件名：123.txt
[INFO] 2013-10-29 22:58:26  com.ru.javaExam.io.FileExam.file1(FileExam.java:43)  文件名：123.txt
[INFO] 2013-10-29 22:58:47  com.ru.javaExam.io.FileExam.file1(FileExam.java:43)  文件名：123.txt
[INFO] 2013-10-29 22:58:59  com.ru.javaExam.io.FileExam.file1(FileExam.java:43)  文件名：123.txt
[INFO] 2013-10-29 22:59:05  com.ru.javaExam.io.FileExam.file1(FileExam.java:43)  文件名：123.txt
[INFO] 2013-10-29 23:00:28  com.ru.javaExam.io.FileExam.file1(FileExam.java:43)  文件名：123.txt
[INFO] 2013-10-29 23:01:07  com.ru.javaExam.io.FileExam.file1(FileExam.java:43)  文件名：123.txt
[INFO] 2013-10-29 23:04:42  com.ru.javaExam.io.FileExam.file1(FileExam.java:43)  文件名：123.txt
[INFO] 2013-10-29 23:04:42  com.ru.javaExam.io.FileExam.file1(FileExam.java:53)  ******文件检测相关方法******
[INFO] 2013-10-29 23:04:42  com.ru.javaExam.io.FileExam.file1(FileExam.java:61)  ******获取文件信息相关方法******
[INFO] 2013-10-29 23:04:42  com.ru.javaExam.io.FileExam.file1(FileExam.java:66)  ******文件操作相关方法******
[INFO] 2013-10-29 23:07:13  com.ru.javaExam.io.FileExam.file1(FileExam.java:43)  文件名：123.txt
[INFO] 2013-10-29 23:07:13  com.ru.javaExam.io.FileExam.file1(FileExam.java:53)  ******文件检测相关方法******
[INFO] 2013-10-29 23:07:13  com.ru.javaExam.io.FileExam.file1(FileExam.java:61)  ******获取文件信息相关方法******
[INFO] 2013-10-29 23:07:13  com.ru.javaExam.io.FileExam.file1(FileExam.java:66)  ******文件操作相关方法******
[INFO] 2013-10-29 23:08:55  com.ru.javaExam.io.FileExam.file1(FileExam.java:43)  文件名：123.txt
[INFO] 2013-10-29 23:08:55  com.ru.javaExam.io.FileExam.file1(FileExam.java:53)  ******文件检测相关方法******
[INFO] 2013-10-29 23:08:55  com.ru.javaExam.io.FileExam.file1(FileExam.java:61)  ******获取文件信息相关方法******
[INFO] 2013-10-29 23:08:55  com.ru.javaExam.io.FileExam.file1(FileExam.java:66)  ******文件操作相关方法******
[INFO] 2013-10-29 23:09:40  com.ru.javaExam.io.FileExam.file1(FileExam.java:43)  文件名：123.txt
[INFO] 2013-10-29 23:09:40  com.ru.javaExam.io.FileExam.file1(FileExam.java:53)  ******文件检测相关方法******
[INFO] 2013-10-29 23:09:40  com.ru.javaExam.io.FileExam.file1(FileExam.java:61)  ******获取文件信息相关方法******
[INFO] 2013-10-29 23:09:40  com.ru.javaExam.io.FileExam.file1(FileExam.java:66)  ******文件操作相关方法******
[INFO] 2013-10-29 23:10:16  com.ru.javaExam.io.FileExam.file1(FileExam.java:43)  文件名：123.txt
[INFO] 2013-10-29 23:10:16  com.ru.javaExam.io.FileExam.file1(FileExam.java:53)  ******文件检测相关方法******
[INFO] 2013-10-29 23:10:16  com.ru.javaExam.io.FileExam.file1(FileExam.java:61)  ******获取文件信息相关方法******
[INFO] 2013-10-29 23:10:16  com.ru.javaExam.io.FileExam.file1(FileExam.java:66)  ******文件操作相关方法******
[INFO] 2013-10-29 23:13:05  com.ru.javaExam.io.FileExam.file1(FileExam.java:43)  文件名：123.txt
[INFO] 2013-10-29 23:13:05  com.ru.javaExam.io.FileExam.file1(FileExam.java:53)  ******文件检测相关方法******
[INFO] 2013-10-29 23:13:05  com.ru.javaExam.io.FileExam.file1(FileExam.java:61)  ******获取文件信息相关方法******
[INFO] 2013-10-29 23:13:05  com.ru.javaExam.io.FileExam.file1(FileExam.java:66)  ******文件操作相关方法******
[INFO] 2013-10-29 23:13:57  com.ru.javaExam.io.FileExam.file1(FileExam.java:43)  文件名：123.txt
[INFO] 2013-10-29 23:13:57  com.ru.javaExam.io.FileExam.file1(FileExam.java:53)  ******文件检测相关方法******
[INFO] 2013-10-29 23:13:57  com.ru.javaExam.io.FileExam.file1(FileExam.java:61)  ******获取文件信息相关方法******
[INFO] 2013-10-29 23:13:57  com.ru.javaExam.io.FileExam.file1(FileExam.java:66)  ******文件操作相关方法******
[INFO] 2013-10-29 23:14:30  com.ru.javaExam.io.FileExam.file1(FileExam.java:43)  文件名：123.txt
[INFO] 2013-10-29 23:14:30  com.ru.javaExam.io.FileExam.file1(FileExam.java:53)  ******文件检测相关方法******
[INFO] 2013-10-29 23:14:30  com.ru.javaExam.io.FileExam.file1(FileExam.java:61)  ******获取文件信息相关方法******
[INFO] 2013-10-29 23:14:30  com.ru.javaExam.io.FileExam.file1(FileExam.java:66)  ******文件操作相关方法******
[INFO] 2013-10-29 23:14:52  com.ru.javaExam.io.FileExam.file1(FileExam.java:43)  文件名：123.txt
[INFO] 2013-10-29 23:14:52  com.ru.javaExam.io.FileExam.file1(FileExam.java:53)  ******文件检测相关方法******
[INFO] 2013-10-29 23:14:52  com.ru.javaExam.io.FileExam.file1(FileExam.java:61)  ******获取文件信息相关方法******
[INFO] 2013-10-29 23:14:52  com.ru.javaExam.io.FileExam.file1(FileExam.java:66)  ******文件操作相关方法******
[INFO] 2013-10-29 23:17:59  com.ru.javaExam.io.FileExam.file1(FileExam.java:43)  文件名：123.txt
[INFO] 2013-10-29 23:17:59  com.ru.javaExam.io.FileExam.file1(FileExam.java:53)  ******文件检测相关方法******
[INFO] 2013-10-29 23:17:59  com.ru.javaExam.io.FileExam.file1(FileExam.java:61)  ******获取文件信息相关方法******
[INFO] 2013-10-29 23:17:59  com.ru.javaExam.io.FileExam.file1(FileExam.java:66)  ******文件操作相关方法******
[INFO] 2013-10-29 23:18:33  com.ru.javaExam.io.FileExam.file1(FileExam.java:43)  文件名：123.txt
[INFO] 2013-10-29 23:18:33  com.ru.javaExam.io.FileExam.file1(FileExam.java:53)  ******文件检测相关方法******
[INFO] 2013-10-29 23:18:33  com.ru.javaExam.io.FileExam.file1(FileExam.java:61)  ******获取文件信息相关方法******
[INFO] 2013-10-29 23:18:33  com.ru.javaExam.io.FileExam.file1(FileExam.java:66)  ******文件操作相关方法******
[INFO] 2013-10-29 23:19:14  com.ru.javaExam.io.FileExam.file1(FileExam.java:43)  文件名：123.txt
[INFO] 2013-10-29 23:19:14  com.ru.javaExam.io.FileExam.file1(FileExam.java:53)  ******文件检测相关方法******
[INFO] 2013-10-29 23:19:14  com.ru.javaExam.io.FileExam.file1(FileExam.java:61)  ******获取文件信息相关方法******
[INFO] 2013-10-29 23:19:14  com.ru.javaExam.io.FileExam.file1(FileExam.java:66)  ******文件操作相关方法******
[INFO] 2013-10-29 23:19:39  com.ru.javaExam.io.FileExam.file1(FileExam.java:43)  文件名：123.txt
[INFO] 2013-10-29 23:19:39  com.ru.javaExam.io.FileExam.file1(FileExam.java:53)  ******文件检测相关方法******
[INFO] 2013-10-29 23:19:39  com.ru.javaExam.io.FileExam.file1(FileExam.java:61)  ******获取文件信息相关方法******
[INFO] 2013-10-29 23:19:39  com.ru.javaExam.io.FileExam.file1(FileExam.java:66)  ******文件操作相关方法******
[INFO] 2013-10-29 23:20:23  com.ru.javaExam.io.FileExam.file1(FileExam.java:43)  文件名：123.txt
[INFO] 2013-10-29 23:20:23  com.ru.javaExam.io.FileExam.file1(FileExam.java:53)  ******文件检测相关方法******
[INFO] 2013-10-29 23:20:23  com.ru.javaExam.io.FileExam.file1(FileExam.java:61)  ******获取文件信息相关方法******
[INFO] 2013-10-29 23:20:23  com.ru.javaExam.io.FileExam.file1(FileExam.java:66)  ******文件操作相关方法******
[INFO] 2013-10-29 23:20:45  com.ru.javaExam.io.FileExam.file1(FileExam.java:43)  文件名：123.txt
[INFO] 2013-10-29 23:20:45  com.ru.javaExam.io.FileExam.file1(FileExam.java:53)  ******文件检测相关方法******
[INFO] 2013-10-29 23:20:45  com.ru.javaExam.io.FileExam.file1(FileExam.java:61)  ******获取文件信息相关方法******
[INFO] 2013-10-29 23:20:45  com.ru.javaExam.io.FileExam.file1(FileExam.java:66)  ******文件操作相关方法******
[INFO] 2013-10-29 23:22:54  com.ru.javaExam.io.FileExam.file1(FileExam.java:43)  文件名：123.txt
[INFO] 2013-10-29 23:22:54  com.ru.javaExam.io.FileExam.file1(FileExam.java:53)  ******文件检测相关方法******
[INFO] 2013-10-29 23:22:54  com.ru.javaExam.io.FileExam.file1(FileExam.java:61)  ******获取文件信息相关方法******
[INFO] 2013-10-29 23:22:54  com.ru.javaExam.io.FileExam.file1(FileExam.java:66)  ******文件操作相关方法******
[INFO] 2013-10-29 23:23:54  com.ru.javaExam.io.FileExam.file1(FileExam.java:43)  文件名：123.txt
[INFO] 2013-10-29 23:23:54  com.ru.javaExam.io.FileExam.file1(FileExam.java:53)  ******文件检测相关方法******
[INFO] 2013-10-29 23:23:54  com.ru.javaExam.io.FileExam.file1(FileExam.java:61)  ******获取文件信息相关方法******
[INFO] 2013-10-29 23:23:54  com.ru.javaExam.io.FileExam.file1(FileExam.java:66)  ******文件操作相关方法******
[INFO] 2013-10-29 23:30:19  com.ru.javaExam.io.FileExam.file1(FileExam.java:43)  文件名：123.txt
[INFO] 2013-10-29 23:30:19  com.ru.javaExam.io.FileExam.file1(FileExam.java:53)  ******文件检测相关方法******
[INFO] 2013-10-29 23:30:19  com.ru.javaExam.io.FileExam.file1(FileExam.java:61)  ******获取文件信息相关方法******
[INFO] 2013-10-29 23:30:19  com.ru.javaExam.io.FileExam.file1(FileExam.java:66)  ******文件操作相关方法******
[INFO] 2013-10-29 23:31:36  com.ru.javaExam.io.FileExam.file1(FileExam.java:43)  文件名：123.txt
[INFO] 2013-10-29 23:31:36  com.ru.javaExam.io.FileExam.file1(FileExam.java:53)  ******文件检测相关方法******
[INFO] 2013-10-29 23:31:36  com.ru.javaExam.io.FileExam.file1(FileExam.java:61)  ******获取文件信息相关方法******
[INFO] 2013-10-29 23:31:36  com.ru.javaExam.io.FileExam.file1(FileExam.java:66)  ******文件操作相关方法******
[INFO] 2013-10-29 23:32:04  com.ru.javaExam.io.FileExam.file1(FileExam.java:43)  文件名：123.txt
[INFO] 2013-10-29 23:32:04  com.ru.javaExam.io.FileExam.file1(FileExam.java:53)  ******文件检测相关方法******
[INFO] 2013-10-29 23:32:04  com.ru.javaExam.io.FileExam.file1(FileExam.java:61)  ******获取文件信息相关方法******
[INFO] 2013-10-29 23:32:04  com.ru.javaExam.io.FileExam.file1(FileExam.java:66)  ******文件操作相关方法******
[INFO] 2013-10-29 23:33:07  com.ru.javaExam.io.FileExam.file1(FileExam.java:43)  文件名：123.txt
[INFO] 2013-10-29 23:33:07  com.ru.javaExam.io.FileExam.file1(FileExam.java:53)  ******文件检测相关方法******
[INFO] 2013-10-29 23:33:07  com.ru.javaExam.io.FileExam.file1(FileExam.java:61)  ******获取文件信息相关方法******
[INFO] 2013-10-29 23:33:07  com.ru.javaExam.io.FileExam.file1(FileExam.java:66)  ******文件操作相关方法******
[INFO] 2013-10-29 23:33:39  com.ru.javaExam.io.FileExam.file1(FileExam.java:43)  文件名：123.txt
[INFO] 2013-10-29 23:33:39  com.ru.javaExam.io.FileExam.file1(FileExam.java:53)  ******文件检测相关方法******
[INFO] 2013-10-29 23:33:39  com.ru.javaExam.io.FileExam.file1(FileExam.java:61)  ******获取文件信息相关方法******
[INFO] 2013-10-29 23:33:39  com.ru.javaExam.io.FileExam.file1(FileExam.java:66)  ******文件操作相关方法******
[INFO] 2013-10-29 23:36:57  com.ru.javaExam.io.FileExam.file1(FileExam.java:43)  文件名：123.txt
[INFO] 2013-10-29 23:36:58  com.ru.javaExam.io.FileExam.file1(FileExam.java:53)  ******文件检测相关方法******
[INFO] 2013-10-29 23:36:58  com.ru.javaExam.io.FileExam.file1(FileExam.java:61)  ******获取文件信息相关方法******
[INFO] 2013-10-29 23:36:58  com.ru.javaExam.io.FileExam.file1(FileExam.java:66)  ******文件操作相关方法******
[INFO] 2013-10-29 23:36:58  com.ru.javaExam.io.FileExam.file1(FileExam.java:75)  ******文件操作相关方法******
[INFO] 2013-10-29 23:37:13  com.ru.javaExam.io.FileExam.file1(FileExam.java:43)  文件名：123.txt
[INFO] 2013-10-29 23:37:13  com.ru.javaExam.io.FileExam.file1(FileExam.java:53)  ******文件检测相关方法******
[INFO] 2013-10-29 23:37:13  com.ru.javaExam.io.FileExam.file1(FileExam.java:61)  ******获取文件信息相关方法******
[INFO] 2013-10-29 23:37:13  com.ru.javaExam.io.FileExam.file1(FileExam.java:66)  ******文件操作相关方法******
[INFO] 2013-10-29 23:37:13  com.ru.javaExam.io.FileExam.file1(FileExam.java:75)  ******文件操作相关方法******
[INFO] 2013-10-29 23:37:56  com.ru.javaExam.io.FileExam.file1(FileExam.java:43)  文件名：123.txt
[INFO] 2013-10-29 23:37:56  com.ru.javaExam.io.FileExam.file1(FileExam.java:53)  ******文件检测相关方法******
[INFO] 2013-10-29 23:37:56  com.ru.javaExam.io.FileExam.file1(FileExam.java:61)  ******获取文件信息相关方法******
[INFO] 2013-10-29 23:37:56  com.ru.javaExam.io.FileExam.file1(FileExam.java:66)  ******文件操作相关方法******
[INFO] 2013-10-29 23:37:56  com.ru.javaExam.io.FileExam.file1(FileExam.java:75)  ******文件操作相关方法******
[INFO] 2013-10-29 23:40:24  com.ru.javaExam.io.FileExam.file1(FileExam.java:43)  文件名：123.txt
[INFO] 2013-10-29 23:40:24  com.ru.javaExam.io.FileExam.file1(FileExam.java:53)  ******文件检测相关方法******
[INFO] 2013-10-29 23:40:24  com.ru.javaExam.io.FileExam.file1(FileExam.java:61)  ******获取文件信息相关方法******
[INFO] 2013-10-29 23:40:24  com.ru.javaExam.io.FileExam.file1(FileExam.java:66)  ******文件操作相关方法******
[INFO] 2013-10-29 23:40:24  com.ru.javaExam.io.FileExam.file1(FileExam.java:75)  ******文件操作相关方法******
[INFO] 2013-10-29 23:41:25  com.ru.javaExam.io.FileExam.file1(FileExam.java:43)  文件名：123.txt
[INFO] 2013-10-29 23:41:25  com.ru.javaExam.io.FileExam.file1(FileExam.java:53)  ******文件检测相关方法******
[INFO] 2013-10-29 23:41:25  com.ru.javaExam.io.FileExam.file1(FileExam.java:61)  ******获取文件信息相关方法******
[INFO] 2013-10-29 23:41:25  com.ru.javaExam.io.FileExam.file1(FileExam.java:66)  ******文件操作相关方法******
[INFO] 2013-10-29 23:41:25  com.ru.javaExam.io.FileExam.file1(FileExam.java:75)  ******文件操作相关方法******
[INFO] 2013-10-30 21:00:23  com.ru.javaExam.io.FileExam.file1(FileExam.java:44)  文件名：123.txt
[INFO] 2013-10-30 21:00:23  com.ru.javaExam.io.FileExam.file1(FileExam.java:54)  ******文件检测相关方法******
[INFO] 2013-10-30 21:00:23  com.ru.javaExam.io.FileExam.file1(FileExam.java:62)  ******获取文件信息相关方法******
[INFO] 2013-10-30 21:00:23  com.ru.javaExam.io.FileExam.file1(FileExam.java:67)  ******文件操作相关方法******
[INFO] 2013-10-30 21:00:23  com.ru.javaExam.io.FileExam.file1(FileExam.java:76)  ******目录操作相关方法******
[INFO] 2013-10-30 21:31:10  com.ru.javaExam.io.FileExam.file1(FileExam.java:44)  文件名：123.txt
[INFO] 2013-10-30 21:31:10  com.ru.javaExam.io.FileExam.file1(FileExam.java:54)  ******文件检测相关方法******
[INFO] 2013-10-30 21:31:10  com.ru.javaExam.io.FileExam.file1(FileExam.java:62)  ******获取文件信息相关方法******
[INFO] 2013-10-30 21:31:10  com.ru.javaExam.io.FileExam.file1(FileExam.java:67)  ******文件操作相关方法******
[INFO] 2013-10-30 21:31:10  com.ru.javaExam.io.FileExam.file1(FileExam.java:76)  ******目录操作相关方法******
